<?xml version="1.0" encoding="UTF-8"?>
<!-- Generated by org.testng.reporters.JUnitReportReporter -->
<testsuite skipped="0" hostname="DESKTOP-2ODQRO1" name="Demos.web1" tests="1" failures="0" timestamp="2021-01-18T00:13:38 IST" time="55.975" errors="0">
  <testcase name="testCase1" time="55.975" classname="Demos.web1"/>
  <system-out/>
</testsuite> <!-- Demos.web1 -->
